TN:
SF:/Users/eric/Development/feathersjs/feathers-mongodb/lib/error-handler.js
FN:12,_interopRequireDefault
FN:14,errorHandler
FNF:2
FNH:1
FNDA:1,_interopRequireDefault
FNDA:0,errorHandler
DA:3,1
DA:6,1
DA:8,1
DA:10,1
DA:12,1
DA:14,0
DA:15,0
DA:22,0
DA:28,0
DA:30,1
LF:10
LH:6
BRDA:12,0,0,0
BRDA:12,0,1,1
BRDA:12,1,0,1
BRDA:12,1,1,1
BRDA:14,2,0,0
BRDA:14,2,1,0
BRF:6
BRH:3
end_of_record
TN:
SF:/Users/eric/Development/feathersjs/feathers-mongodb/lib/index.js
FN:7,(anonymous_2)
FN:7,(anonymous_3)
FN:9,(anonymous_4)
FN:9,defineProperties
FN:9,(anonymous_6)
FN:35,_interopRequireDefault
FN:37,_defineProperty
FN:39,_classCallCheck
FN:42,(anonymous_10)
FN:43,Service
FN:62,extend
FN:67,_objectifyId
FN:76,_multiOptions
FN:89,_getSelect
FN:92,(anonymous_16)
FN:102,_find
FN:129,runQuery
FN:130,(anonymous_19)
FN:148,find
FN:150,(anonymous_21)
FN:155,(anonymous_22)
FN:164,_get
FN:167,(anonymous_24)
FN:177,get
FN:182,_findOrGet
FN:184,(anonymous_27)
FN:193,create
FN:196,setId
FN:207,(anonymous_30)
FN:213,_normalizeId
FN:226,patch
FN:239,(anonymous_33)
FN:248,(anonymous_34)
FN:254,update
FN:267,(anonymous_36)
FN:273,remove
FN:282,(anonymous_38)
FN:283,(anonymous_39)
FN:293,init
FNF:39
FNH:30
FNDA:0,(anonymous_2)
FNDA:0,(anonymous_3)
FNDA:1,(anonymous_4)
FNDA:1,defineProperties
FNDA:1,(anonymous_6)
FNDA:5,_interopRequireDefault
FNDA:3,_defineProperty
FNDA:1,_classCallCheck
FNDA:1,(anonymous_10)
FNDA:1,Service
FNDA:0,extend
FNDA:5,_objectifyId
FNDA:2,_multiOptions
FNDA:0,_getSelect
FNDA:0,(anonymous_16)
FNDA:3,_find
FNDA:3,runQuery
FNDA:3,(anonymous_19)
FNDA:3,find
FNDA:3,(anonymous_21)
FNDA:0,(anonymous_22)
FNDA:3,_get
FNDA:3,(anonymous_24)
FNDA:1,get
FNDA:2,_findOrGet
FNDA:0,(anonymous_27)
FNDA:4,create
FNDA:4,setId
FNDA:4,(anonymous_30)
FNDA:1,_normalizeId
FNDA:1,patch
FNDA:1,(anonymous_33)
FNDA:1,(anonymous_34)
FNDA:0,update
FNDA:0,(anonymous_36)
FNDA:1,remove
FNDA:1,(anonymous_38)
FNDA:1,(anonymous_39)
FNDA:1,init
DA:3,1
DA:7,1
DA:9,28
DA:11,1
DA:13,1
DA:15,1
DA:17,1
DA:19,1
DA:21,1
DA:23,1
DA:25,1
DA:27,1
DA:29,1
DA:31,1
DA:33,1
DA:35,5
DA:37,3
DA:39,1
DA:42,1
DA:44,1
DA:46,1
DA:47,0
DA:50,1
DA:51,0
DA:54,1
DA:55,1
DA:56,1
DA:57,1
DA:60,1
DA:63,0
DA:68,5
DA:69,5
DA:72,5
DA:77,2
DA:78,2
DA:80,2
DA:81,2
DA:82,2
DA:85,2
DA:90,0
DA:91,0
DA:92,0
DA:93,0
DA:95,0
DA:98,0
DA:103,3
DA:106,3
DA:108,3
DA:109,3
DA:111,3
DA:113,3
DA:114,0
DA:117,3
DA:118,0
DA:121,3
DA:122,3
DA:125,3
DA:126,1
DA:129,3
DA:130,3
DA:131,3
DA:140,3
DA:141,3
DA:144,0
DA:149,3
DA:150,3
DA:151,3
DA:154,3
DA:155,0
DA:156,0
DA:160,3
DA:165,3
DA:167,3
DA:168,3
DA:169,0
DA:172,3
DA:178,1
DA:183,2
DA:184,0
DA:185,0
DA:189,2
DA:194,4
DA:196,4
DA:197,4
DA:201,0
DA:204,4
DA:207,4
DA:208,4
DA:214,1
DA:217,1
DA:221,0
DA:226,1
DA:227,1
DA:229,1
DA:231,1
DA:232,1
DA:234,1
DA:240,1
DA:241,0
DA:243,1
DA:249,1
DA:255,0
DA:257,0
DA:258,0
DA:261,0
DA:263,0
DA:264,0
DA:267,0
DA:268,0
DA:274,1
DA:276,1
DA:278,1
DA:279,1
DA:282,1
DA:283,1
DA:284,1
DA:290,1
DA:294,1
DA:297,1
DA:298,1
LF:120
LH:92
BRDA:7,0,0,1
BRDA:7,0,1,0
BRDA:7,1,0,1
BRDA:7,1,1,1
BRDA:7,2,0,0
BRDA:7,2,1,0
BRDA:7,3,0,0
BRDA:7,3,1,0
BRDA:7,4,0,0
BRDA:7,4,1,0
BRDA:7,4,2,0
BRDA:7,4,3,0
BRDA:7,5,0,0
BRDA:7,5,1,0
BRDA:9,6,0,14
BRDA:9,6,1,14
BRDA:9,7,0,14
BRDA:9,7,1,0
BRDA:9,8,0,1
BRDA:9,8,1,0
BRDA:9,9,0,0
BRDA:9,9,1,1
BRDA:35,10,0,0
BRDA:35,10,1,5
BRDA:35,11,0,5
BRDA:35,11,1,5
BRDA:37,12,0,0
BRDA:37,12,1,3
BRDA:39,13,0,0
BRDA:39,13,1,1
BRDA:46,14,0,0
BRDA:46,14,1,1
BRDA:50,15,0,0
BRDA:50,15,1,1
BRDA:55,16,0,1
BRDA:55,16,1,1
BRDA:56,17,0,1
BRDA:56,17,1,1
BRDA:57,18,0,1
BRDA:57,18,1,0
BRDA:68,19,0,5
BRDA:68,19,1,0
BRDA:68,20,0,5
BRDA:68,20,1,5
BRDA:78,21,0,2
BRDA:78,21,1,2
BRDA:80,22,0,2
BRDA:80,22,1,0
BRDA:90,23,0,0
BRDA:90,23,1,0
BRDA:103,24,0,0
BRDA:103,24,1,3
BRDA:103,25,0,3
BRDA:103,25,1,3
BRDA:106,26,0,3
BRDA:106,26,1,0
BRDA:113,27,0,0
BRDA:113,27,1,3
BRDA:117,28,0,0
BRDA:117,28,1,3
BRDA:121,29,0,3
BRDA:121,29,1,0
BRDA:125,30,0,1
BRDA:125,30,1,2
BRDA:134,31,0,3
BRDA:134,31,1,2
BRDA:140,32,0,3
BRDA:140,32,1,0
BRDA:149,33,0,0
BRDA:149,33,1,3
BRDA:149,34,0,3
BRDA:149,34,1,3
BRDA:154,35,0,0
BRDA:154,35,1,3
BRDA:168,36,0,0
BRDA:168,36,1,3
BRDA:183,37,0,0
BRDA:183,37,1,2
BRDA:196,38,0,0
BRDA:196,38,1,4
BRDA:200,39,0,4
BRDA:200,39,1,0
BRDA:207,40,0,0
BRDA:207,40,1,4
BRDA:208,41,0,0
BRDA:208,41,1,4
BRDA:214,42,0,1
BRDA:214,42,1,0
BRDA:240,43,0,0
BRDA:240,43,1,1
BRDA:240,44,0,1
BRDA:240,44,1,1
BRDA:240,44,2,0
BRDA:257,45,0,0
BRDA:257,45,1,0
BRDA:257,46,0,0
BRDA:257,46,1,0
BRF:97
BRH:52
end_of_record
TN:
SF:/Users/eric/Development/feathersjs/feathers-mongodb/src/error-handler.js
FN:3,errorHandler
FNF:1
FNH:1
FNDA:16,errorHandler
DA:3,16
DA:4,16
DA:11,0
DA:17,16
LF:4
LH:3
BRDA:3,0,0,0
BRDA:3,0,1,16
BRF:2
BRH:1
end_of_record
TN:
SF:/Users/eric/Development/feathersjs/feathers-mongodb/src/index.js
FN:9,Service
FN:52,(anonymous_14)
FN:80,runQuery
FN:81,(anonymous_17)
FN:102,(anonymous_19)
FN:106,(anonymous_20)
FN:116,(anonymous_22)
FN:132,(anonymous_25)
FN:139,setId
FN:153,(anonymous_28)
FN:176,(anonymous_31)
FN:188,(anonymous_32)
FN:200,(anonymous_34)
FN:208,(anonymous_36)
FN:210,(anonymous_37)
FN:215,init
FNF:16
FNH:16
FNDA:12,Service
FNDA:4,(anonymous_14)
FNDA:60,runQuery
FNDA:60,(anonymous_17)
FNDA:46,(anonymous_19)
FNDA:40,(anonymous_20)
FNDA:194,(anonymous_22)
FNDA:14,(anonymous_25)
FNDA:196,setId
FNDA:194,(anonymous_28)
FNDA:12,(anonymous_31)
FNDA:12,(anonymous_32)
FNDA:6,(anonymous_34)
FNDA:180,(anonymous_36)
FNDA:180,(anonymous_37)
FNDA:12,init
DA:11,12
DA:12,1
DA:15,11
DA:16,1
DA:19,10
DA:20,10
DA:21,10
DA:22,10
DA:26,4
DA:30,385
DA:31,90
DA:34,385
DA:38,204
DA:39,204
DA:41,204
DA:42,189
DA:43,189
DA:46,204
DA:50,4
DA:51,3
DA:52,3
DA:53,3
DA:56,1
DA:59,60
DA:61,60
DA:62,60
DA:64,60
DA:65,2
DA:68,60
DA:69,14
DA:72,60
DA:73,8
DA:76,60
DA:77,4
DA:80,60
DA:81,60
DA:82,60
DA:91,60
DA:92,6
DA:95,54
DA:99,46
DA:101,46
DA:105,46
DA:106,40
DA:109,6
DA:113,194
DA:115,194
DA:117,194
DA:118,10
DA:121,184
DA:127,6
DA:131,202
DA:132,14
DA:135,188
DA:139,196
DA:140,196
DA:144,97
DA:147,196
DA:151,194
DA:158,18
DA:161,9
DA:165,9
DA:169,12
DA:170,12
DA:171,12
DA:177,12
DA:179,5
DA:181,7
DA:192,6
DA:193,0
DA:196,6
DA:198,6
DA:205,184
DA:207,184
DA:216,12
DA:219,1
LF:76
LH:75
BRDA:11,0,0,1
BRDA:11,0,1,11
BRDA:15,1,0,1
BRDA:15,1,1,10
BRDA:20,2,0,10
BRDA:20,2,1,9
BRDA:21,3,0,10
BRDA:21,3,1,8
BRDA:22,4,0,10
BRDA:22,4,1,10
BRDA:30,5,0,90
BRDA:30,5,1,295
BRDA:30,6,0,385
BRDA:30,6,1,194
BRDA:39,7,0,204
BRDA:39,7,1,204
BRDA:41,8,0,189
BRDA:41,8,1,15
BRDA:50,9,0,3
BRDA:50,9,1,1
BRDA:59,10,0,74
BRDA:59,10,1,92
BRDA:61,11,0,60
BRDA:61,11,1,10
BRDA:64,12,0,2
BRDA:64,12,1,58
BRDA:68,13,0,14
BRDA:68,13,1,46
BRDA:72,14,0,8
BRDA:72,14,1,52
BRDA:76,15,0,4
BRDA:76,15,1,56
BRDA:85,16,0,60
BRDA:85,16,1,56
BRDA:91,17,0,6
BRDA:91,17,1,54
BRDA:100,18,0,4
BRDA:100,18,1,42
BRDA:99,19,0,46
BRDA:99,19,1,46
BRDA:105,20,0,40
BRDA:105,20,1,6
BRDA:117,21,0,10
BRDA:117,21,1,184
BRDA:131,22,0,14
BRDA:131,22,1,188
BRDA:139,23,0,97
BRDA:139,23,1,99
BRDA:143,24,0,196
BRDA:143,24,1,98
BRDA:152,25,0,2
BRDA:152,25,1,192
BRDA:153,26,0,2
BRDA:153,26,1,192
BRDA:158,27,0,9
BRDA:158,27,1,9
BRDA:177,28,0,5
BRDA:177,28,1,7
BRDA:177,29,0,12
BRDA:177,29,1,12
BRDA:177,29,2,6
BRDA:192,30,0,0
BRDA:192,30,1,6
BRDA:192,31,0,6
BRDA:192,31,1,6
BRF:65
BRH:64
end_of_record
